app/build/intermediates/manifest_merge_blame_file/debug/processDebugMainManifest/manifest-merger-blame-debug-report.txt
1<?xml version="1.0" encoding="utf-8"?>
2<manifest xmlns:android="http://schemas.android.com/apk/res/android"
3    package="com.example.segnmea"
4    android:versionCode="1"
5    android:versionName="1.0" >
6
7    <uses-sdk
8        android:minSdkVersion="21"
9        android:targetSdkVersion="34" />
10
11    <uses-permission android:name="android.permission.INTERNET" />
11-->src\main\AndroidManifest.xml:5:5-67
11-->src\main\AndroidManifest.xml:5:22-64
12    <uses-permission android:name="android.permission.ACCESS_FINE_LOCATION" />
12-->src\main\AndroidManifest.xml:6:5-79
12-->src\main\AndroidManifest.xml:6:22-76
13    <uses-permission android:name="android.permission.ACCESS_COARSE_LOCATION" />
13-->src\main\AndroidManifest.xml:7:5-81
13-->src\main\AndroidManifest.xml:7:22-78
14
15    <!-- Include required permissions for Google Maps API to run. -->
16    <uses-permission android:name="android.permission.ACCESS_NETWORK_STATE" />
16-->[com.google.android.gms:play-services-maps:18.2.0] AndroidManifest.xml:23:5-79
16-->[com.google.android.gms:play-services-maps:18.2.0] AndroidManifest.xml:23:22-76
17
18    <uses-feature
18-->[com.google.android.gms:play-services-maps:18.2.0] AndroidManifest.xml:26:5-28:35
19        android:glEsVersion="0x00020000"
19-->[com.google.android.gms:play-services-maps:18.2.0] AndroidManifest.xml:27:9-41
20        android:required="true" />
20-->[com.google.android.gms:play-services-maps:18.2.0] AndroidManifest.xml:28:9-32
21
22    <queries>
22-->[com.google.android.gms:play-services-maps:18.2.0] AndroidManifest.xml:30:5-34:15
23
24        <!-- Needs to be explicitly declared on Android R+ -->
25        <package android:name="com.google.android.apps.maps" />
25-->[com.google.android.gms:play-services-maps:18.2.0] AndroidManifest.xml:33:9-64
25-->[com.google.android.gms:play-services-maps:18.2.0] AndroidManifest.xml:33:18-61
26    </queries>
27
28    <permission
28-->[androidx.core:core:1.13.1] AndroidManifest.xml:22:5-24:47
29        android:name="com.example.segnmea.DYNAMIC_RECEIVER_NOT_EXPORTED_PERMISSION"
29-->[androidx.core:core:1.13.1] AndroidManifest.xml:23:9-81
30        android:protectionLevel="signature" />
30-->[androidx.core:core:1.13.1] AndroidManifest.xml:24:9-44
31
32    <uses-permission android:name="com.example.segnmea.DYNAMIC_RECEIVER_NOT_EXPORTED_PERMISSION" />
32-->[androidx.core:core:1.13.1] AndroidManifest.xml:26:5-97
32-->[androidx.core:core:1.13.1] AndroidManifest.xml:26:22-94
33
34    <application
34-->src\main\AndroidManifest.xml:9:5-38:19
35        android:allowBackup="true"
35-->src\main\AndroidManifest.xml:10:9-35
36        android:appComponentFactory="androidx.core.app.CoreComponentFactory"
36-->[androidx.core:core:1.13.1] AndroidManifest.xml:28:18-86
37        android:debuggable="true"
38        android:extractNativeLibs="true"
39        android:icon="@drawable/barco"
39-->src\main\AndroidManifest.xml:11:9-39
40        android:label="@string/app_name"
40-->src\main\AndroidManifest.xml:12:9-41
41        android:roundIcon="@drawable/barco"
41-->src\main\AndroidManifest.xml:13:9-44
42        android:supportsRtl="true"
42-->src\main\AndroidManifest.xml:14:9-35
43        android:testOnly="true"
44        android:theme="@style/AppTheme" >
44-->src\main\AndroidManifest.xml:15:9-40
45        <meta-data
45-->src\main\AndroidManifest.xml:17:9-19:71
46            android:name="com.google.android.geo.API_KEY"
46-->src\main\AndroidManifest.xml:18:13-58
47            android:value="AIzaSyCCsWLI_oB-Sq6YGeCD9lEerfNNVgkkjjU" />
47-->src\main\AndroidManifest.xml:19:13-68
48
49        <activity
49-->src\main\AndroidManifest.xml:21:9-29:20
50            android:name="com.example.segnmea.MainActivity"
50-->src\main\AndroidManifest.xml:22:13-41
51            android:exported="true"
51-->src\main\AndroidManifest.xml:23:13-36
52            android:launchMode="singleTop" >
52-->src\main\AndroidManifest.xml:24:13-43
53            <intent-filter>
53-->src\main\AndroidManifest.xml:25:13-28:29
54                <action android:name="android.intent.action.MAIN" />
54-->src\main\AndroidManifest.xml:26:17-69
54-->src\main\AndroidManifest.xml:26:25-66
55
56                <category android:name="android.intent.category.LAUNCHER" />
56-->src\main\AndroidManifest.xml:27:17-77
56-->src\main\AndroidManifest.xml:27:27-74
57            </intent-filter>
58        </activity>
59        <activity
59-->src\main\AndroidManifest.xml:30:9-77
60            android:name="com.example.segnmea.CompassActivity"
60-->src\main\AndroidManifest.xml:30:19-50
61            android:exported="false" />
61-->src\main\AndroidManifest.xml:30:51-75
62        <activity
62-->src\main\AndroidManifest.xml:31:9-80
63            android:name="com.example.segnmea.ClinometerActivity"
63-->src\main\AndroidManifest.xml:31:19-53
64            android:exported="false" />
64-->src\main\AndroidManifest.xml:31:54-78
65        <activity
65-->src\main\AndroidManifest.xml:32:9-74
66            android:name="com.example.segnmea.DataActivity"
66-->src\main\AndroidManifest.xml:32:19-47
67            android:exported="false" />
67-->src\main\AndroidManifest.xml:32:48-72
68        <activity
68-->src\main\AndroidManifest.xml:33:9-78
69            android:name="com.example.segnmea.LanguageActivity"
69-->src\main\AndroidManifest.xml:33:19-51
70            android:exported="false" />
70-->src\main\AndroidManifest.xml:33:52-76
71        <activity
71-->src\main\AndroidManifest.xml:34:9-77
72            android:name="com.example.segnmea.ChannelActivity"
72-->src\main\AndroidManifest.xml:34:19-50
73            android:exported="false" />
73-->src\main\AndroidManifest.xml:34:51-75
74        <activity
74-->src\main\AndroidManifest.xml:35:9-75
75            android:name="com.example.segnmea.AlarmActivity"
75-->src\main\AndroidManifest.xml:35:19-48
76            android:exported="false" />
76-->src\main\AndroidManifest.xml:35:49-73
77        <activity
77-->src\main\AndroidManifest.xml:36:9-78
78            android:name="com.example.segnmea.SettingsActivity"
78-->src\main\AndroidManifest.xml:36:19-51
79            android:exported="false" />
79-->src\main\AndroidManifest.xml:36:52-76
80
81        <provider
81-->[androidx.emoji2:emoji2:1.2.0] AndroidManifest.xml:24:9-32:20
82            android:name="androidx.startup.InitializationProvider"
82-->[androidx.emoji2:emoji2:1.2.0] AndroidManifest.xml:25:13-67
83            android:authorities="com.example.segnmea.androidx-startup"
83-->[androidx.emoji2:emoji2:1.2.0] AndroidManifest.xml:26:13-68
84            android:exported="false" >
84-->[androidx.emoji2:emoji2:1.2.0] AndroidManifest.xml:27:13-37
85            <meta-data
85-->[androidx.emoji2:emoji2:1.2.0] AndroidManifest.xml:29:13-31:52
86                android:name="androidx.emoji2.text.EmojiCompatInitializer"
86-->[androidx.emoji2:emoji2:1.2.0] AndroidManifest.xml:30:17-75
87                android:value="androidx.startup" />
87-->[androidx.emoji2:emoji2:1.2.0] AndroidManifest.xml:31:17-49
88            <meta-data
88-->[androidx.lifecycle:lifecycle-process:2.6.2] AndroidManifest.xml:29:13-31:52
89                android:name="androidx.lifecycle.ProcessLifecycleInitializer"
89-->[androidx.lifecycle:lifecycle-process:2.6.2] AndroidManifest.xml:30:17-78
90                android:value="androidx.startup" />
90-->[androidx.lifecycle:lifecycle-process:2.6.2] AndroidManifest.xml:31:17-49
91            <meta-data
91-->[androidx.profileinstaller:profileinstaller:1.3.0] AndroidManifest.xml:29:13-31:52
92                android:name="androidx.profileinstaller.ProfileInstallerInitializer"
92-->[androidx.profileinstaller:profileinstaller:1.3.0] AndroidManifest.xml:30:17-85
93                android:value="androidx.startup" />
93-->[androidx.profileinstaller:profileinstaller:1.3.0] AndroidManifest.xml:31:17-49
94        </provider>
95
96        <meta-data
96-->[com.google.maps.android:android-maps-utils:3.8.0] AndroidManifest.xml:8:9-10:69
97            android:name="com.google.android.gms.version"
97-->[com.google.maps.android:android-maps-utils:3.8.0] AndroidManifest.xml:9:13-58
98            android:value="@integer/google_play_services_version" /> <!-- Needs to be explicitly declared on P+ -->
98-->[com.google.maps.android:android-maps-utils:3.8.0] AndroidManifest.xml:10:13-66
99        <uses-library
99-->[com.google.android.gms:play-services-maps:18.2.0] AndroidManifest.xml:39:9-41:40
100            android:name="org.apache.http.legacy"
100-->[com.google.android.gms:play-services-maps:18.2.0] AndroidManifest.xml:40:13-50
101            android:required="false" />
101-->[com.google.android.gms:play-services-maps:18.2.0] AndroidManifest.xml:41:13-37
102
103        <activity
103-->[com.google.android.gms:play-services-base:18.0.1] AndroidManifest.xml:20:9-22:45
104            android:name="com.google.android.gms.common.api.GoogleApiActivity"
104-->[com.google.android.gms:play-services-base:18.0.1] AndroidManifest.xml:20:19-85
105            android:exported="false"
105-->[com.google.android.gms:play-services-base:18.0.1] AndroidManifest.xml:22:19-43
106            android:theme="@android:style/Theme.Translucent.NoTitleBar" />
106-->[com.google.android.gms:play-services-base:18.0.1] AndroidManifest.xml:21:19-78
107
108        <receiver
108-->[androidx.profileinstaller:profileinstaller:1.3.0] AndroidManifest.xml:34:9-52:20
109            android:name="androidx.profileinstaller.ProfileInstallReceiver"
109-->[androidx.profileinstaller:profileinstaller:1.3.0] AndroidManifest.xml:35:13-76
110            android:directBootAware="false"
110-->[androidx.profileinstaller:profileinstaller:1.3.0] AndroidManifest.xml:36:13-44
111            android:enabled="true"
111-->[androidx.profileinstaller:profileinstaller:1.3.0] AndroidManifest.xml:37:13-35
112            android:exported="true"
112-->[androidx.profileinstaller:profileinstaller:1.3.0] AndroidManifest.xml:38:13-36
113            android:permission="android.permission.DUMP" >
113-->[androidx.profileinstaller:profileinstaller:1.3.0] AndroidManifest.xml:39:13-57
114            <intent-filter>
114-->[androidx.profileinstaller:profileinstaller:1.3.0] AndroidManifest.xml:40:13-42:29
115                <action android:name="androidx.profileinstaller.action.INSTALL_PROFILE" />
115-->[androidx.profileinstaller:profileinstaller:1.3.0] AndroidManifest.xml:41:17-91
115-->[androidx.profileinstaller:profileinstaller:1.3.0] AndroidManifest.xml:41:25-88
116            </intent-filter>
117            <intent-filter>
117-->[androidx.profileinstaller:profileinstaller:1.3.0] AndroidManifest.xml:43:13-45:29
118                <action android:name="androidx.profileinstaller.action.SKIP_FILE" />
118-->[androidx.profileinstaller:profileinstaller:1.3.0] AndroidManifest.xml:44:17-85
118-->[androidx.profileinstaller:profileinstaller:1.3.0] AndroidManifest.xml:44:25-82
119            </intent-filter>
120            <intent-filter>
120-->[androidx.profileinstaller:profileinstaller:1.3.0] AndroidManifest.xml:46:13-48:29
121                <action android:name="androidx.profileinstaller.action.SAVE_PROFILE" />
121-->[androidx.profileinstaller:profileinstaller:1.3.0] AndroidManifest.xml:47:17-88
121-->[androidx.profileinstaller:profileinstaller:1.3.0] AndroidManifest.xml:47:25-85
122            </intent-filter>
123            <intent-filter>
123-->[androidx.profileinstaller:profileinstaller:1.3.0] AndroidManifest.xml:49:13-51:29
124                <action android:name="androidx.profileinstaller.action.BENCHMARK_OPERATION" />
124-->[androidx.profileinstaller:profileinstaller:1.3.0] AndroidManifest.xml:50:17-95
124-->[androidx.profileinstaller:profileinstaller:1.3.0] AndroidManifest.xml:50:25-92
125            </intent-filter>
126        </receiver>
127    </application>
128
129</manifest>